2016-08-14 00:16:21,987 ERROR [main] - Statistics - Statistics file `/Users/asavirkalla/.scalaide/statistics` is corrupted. A new one is being created. Corrupted content was:

com.cedarsoftware.util.io.JsonIoException: error parsing JSON value
	at com.cedarsoftware.util.io.JsonReader.readObject(JsonReader.java:529)
	at com.cedarsoftware.util.io.JsonReader.jsonToJava(JsonReader.java:289)
	at com.cedarsoftware.util.io.JsonReader.jsonToJava(JsonReader.java:262)
	at org.scalaide.core.internal.statistics.Statistics.org$scalaide$core$internal$statistics$Statistics$$read(Statistics.scala:74)
	at org.scalaide.core.internal.statistics.Statistics$$anonfun$readStats$1.apply(Statistics.scala:52)
	at org.scalaide.core.internal.statistics.Statistics$$anonfun$readStats$1.apply(Statistics.scala:51)
	at org.scalaide.core.ScalaIdeDataStore$$anonfun$validate$2.apply(ScalaIdeDataStore.scala:59)
	at org.scalaide.util.eclipse.EclipseUtils$$anon$3.run(EclipseUtils.scala:214)
	at org.eclipse.core.runtime.SafeRunner.run(SafeRunner.java:42)
	at org.scalaide.util.eclipse.EclipseUtils$.withSafeRunner(EclipseUtils.scala:210)
	at org.scalaide.core.ScalaIdeDataStore$.validate(ScalaIdeDataStore.scala:58)
	at org.scalaide.core.internal.statistics.Statistics.readStats(Statistics.scala:51)
	at org.scalaide.core.internal.statistics.Statistics.<init>(Statistics.scala:30)
	at org.scalaide.core.internal.ScalaPlugin.stats$lzycompute(ScalaPlugin.scala:135)
	at org.scalaide.core.internal.ScalaPlugin.stats(ScalaPlugin.scala:135)
	at org.scalaide.core.internal.ScalaPlugin.statistics(ScalaPlugin.scala:138)
	at org.scalaide.core.internal.ScalaPlugin.start(ScalaPlugin.scala:109)
	at org.eclipse.osgi.internal.framework.BundleContextImpl$3.run(BundleContextImpl.java:771)
	at org.eclipse.osgi.internal.framework.BundleContextImpl$3.run(BundleContextImpl.java:1)
	at java.security.AccessController.doPrivileged(Native Method)
	at org.eclipse.osgi.internal.framework.BundleContextImpl.startActivator(BundleContextImpl.java:764)
	at org.eclipse.osgi.internal.framework.BundleContextImpl.start(BundleContextImpl.java:721)
	at org.eclipse.osgi.internal.framework.EquinoxBundle.startWorker0(EquinoxBundle.java:936)
	at org.eclipse.osgi.internal.framework.EquinoxBundle$EquinoxModule.startWorker(EquinoxBundle.java:319)
	at org.eclipse.osgi.container.Module.doStart(Module.java:571)
	at org.eclipse.osgi.container.Module.start(Module.java:439)
	at org.eclipse.osgi.framework.util.SecureAction.start(SecureAction.java:454)
	at org.eclipse.osgi.internal.hooks.EclipseLazyStarter.postFindLocalClass(EclipseLazyStarter.java:107)
	at org.eclipse.osgi.internal.loader.classpath.ClasspathManager.findLocalClass(ClasspathManager.java:531)
	at org.eclipse.osgi.internal.loader.ModuleClassLoader.findLocalClass(ModuleClassLoader.java:324)
	at org.eclipse.osgi.internal.loader.BundleLoader.findLocalClass(BundleLoader.java:320)
	at org.eclipse.osgi.internal.loader.BundleLoader.findClassInternal(BundleLoader.java:395)
	at org.eclipse.osgi.internal.loader.BundleLoader.findClass(BundleLoader.java:345)
	at org.eclipse.osgi.internal.loader.BundleLoader.findClass(BundleLoader.java:337)
	at org.eclipse.osgi.internal.loader.ModuleClassLoader.loadClass(ModuleClassLoader.java:160)
	at java.lang.ClassLoader.loadClass(ClassLoader.java:357)
	at org.eclipse.osgi.internal.framework.EquinoxBundle.loadClass(EquinoxBundle.java:568)
	at org.eclipse.core.internal.registry.osgi.RegistryStrategyOSGI.createExecutableExtension(RegistryStrategyOSGI.java:174)
	at org.eclipse.core.internal.registry.ExtensionRegistry.createExecutableExtension(ExtensionRegistry.java:905)
	at org.eclipse.core.internal.registry.ConfigurationElement.createExecutableExtension(ConfigurationElement.java:243)
	at org.eclipse.core.internal.registry.ConfigurationElementHandle.createExecutableExtension(ConfigurationElementHandle.java:55)
	at org.eclipse.ui.internal.registry.PerspectiveDescriptor.createFactory(PerspectiveDescriptor.java:74)
	at org.eclipse.ui.internal.WorkbenchPage.setPerspective(WorkbenchPage.java:4032)
	at org.eclipse.ui.internal.WorkbenchWindow.setup(WorkbenchWindow.java:733)
	at sun.reflect.NativeMethodAccessorImpl.invoke0(Native Method)
	at sun.reflect.NativeMethodAccessorImpl.invoke(NativeMethodAccessorImpl.java:62)
	at sun.reflect.DelegatingMethodAccessorImpl.invoke(DelegatingMethodAccessorImpl.java:43)
	at java.lang.reflect.Method.invoke(Method.java:498)
	at org.eclipse.e4.core.internal.di.MethodRequestor.execute(MethodRequestor.java:55)
	at org.eclipse.e4.core.internal.di.InjectorImpl.processAnnotated(InjectorImpl.java:888)
	at org.eclipse.e4.core.internal.di.InjectorImpl.inject(InjectorImpl.java:120)
	at org.eclipse.e4.core.internal.di.InjectorImpl.inject(InjectorImpl.java:85)
	at org.eclipse.e4.core.contexts.ContextInjectionFactory.inject(ContextInjectionFactory.java:73)
	at org.eclipse.ui.internal.Workbench.createWorkbenchWindow(Workbench.java:1480)
	at org.eclipse.ui.internal.Workbench.getActiveWorkbenchWindow(Workbench.java:1453)
	at org.eclipse.ui.internal.services.WorkbenchSourceProvider.updateActiveShell(WorkbenchSourceProvider.java:943)
	at org.eclipse.ui.internal.services.WorkbenchSourceProvider.getCurrentState(WorkbenchSourceProvider.java:137)
	at org.eclipse.ui.internal.services.WorkbenchSourceProvider$6.handleEvent(WorkbenchSourceProvider.java:703)
	at org.eclipse.swt.widgets.EventTable.sendEvent(EventTable.java:84)
	at org.eclipse.swt.widgets.Display.filterEvent(Display.java:1098)
	at org.eclipse.swt.widgets.Display.sendEvent(Display.java:4195)
	at org.eclipse.swt.widgets.Widget.sendEvent(Widget.java:1467)
	at org.eclipse.swt.widgets.Widget.sendEvent(Widget.java:1490)
	at org.eclipse.swt.widgets.Widget.sendEvent(Widget.java:1471)
	at org.eclipse.swt.widgets.Shell.windowDidBecomeKey(Shell.java:2159)
	at org.eclipse.swt.widgets.Display.windowProc(Display.java:5686)
	at org.eclipse.swt.internal.cocoa.OS.objc_msgSendSuper(Native Method)
	at org.eclipse.swt.widgets.Widget.callSuper(Widget.java:214)
	at org.eclipse.swt.widgets.Widget.becomeKeyWindow(Widget.java:366)
	at org.eclipse.swt.widgets.Shell.becomeKeyWindow(Shell.java:525)
	at org.eclipse.swt.widgets.Display.windowProc(Display.java:5510)
	at org.eclipse.swt.internal.cocoa.OS.objc_msgSend(Native Method)
	at org.eclipse.swt.internal.cocoa.NSWindow.makeKeyAndOrderFront(NSWindow.java:202)
	at org.eclipse.swt.widgets.Shell.makeKeyAndOrderFront(Shell.java:1291)
	at org.eclipse.swt.widgets.Shell.setWindowVisible(Shell.java:1972)
	at org.eclipse.swt.widgets.Shell.open(Shell.java:1349)
	at org.eclipse.e4.ui.workbench.renderers.swt.WBWRenderer.postProcess(WBWRenderer.java:744)
	at org.eclipse.e4.ui.internal.workbench.swt.PartRenderingEngine.safeCreateGui(PartRenderingEngine.java:678)
	at org.eclipse.e4.ui.internal.workbench.swt.PartRenderingEngine.safeCreateGui(PartRenderingEngine.java:766)
	at org.eclipse.e4.ui.internal.workbench.swt.PartRenderingEngine.access$2(PartRenderingEngine.java:737)
	at org.eclipse.e4.ui.internal.workbench.swt.PartRenderingEngine$7.run(PartRenderingEngine.java:731)
	at org.eclipse.core.runtime.SafeRunner.run(SafeRunner.java:42)
	at org.eclipse.e4.ui.internal.workbench.swt.PartRenderingEngine.createGui(PartRenderingEngine.java:715)
	at org.eclipse.e4.ui.internal.workbench.swt.PartRenderingEngine$9.run(PartRenderingEngine.java:1074)
	at org.eclipse.core.databinding.observable.Realm.runWithDefault(Realm.java:332)
	at org.eclipse.e4.ui.internal.workbench.swt.PartRenderingEngine.run(PartRenderingEngine.java:1032)
	at org.eclipse.e4.ui.internal.workbench.E4Workbench.createAndRunUI(E4Workbench.java:148)
	at org.eclipse.ui.internal.Workbench$5.run(Workbench.java:636)
	at org.eclipse.core.databinding.observable.Realm.runWithDefault(Realm.java:332)
	at org.eclipse.ui.internal.Workbench.createAndRunWorkbench(Workbench.java:579)
	at org.eclipse.ui.PlatformUI.createAndRunWorkbench(PlatformUI.java:150)
	at org.eclipse.ui.internal.ide.application.IDEApplication.start(IDEApplication.java:135)
	at org.eclipse.equinox.internal.app.EclipseAppHandle.run(EclipseAppHandle.java:196)
	at org.eclipse.core.runtime.internal.adaptor.EclipseAppLauncher.runApplication(EclipseAppLauncher.java:134)
	at org.eclipse.core.runtime.internal.adaptor.EclipseAppLauncher.start(EclipseAppLauncher.java:104)
	at org.eclipse.core.runtime.adaptor.EclipseStarter.run(EclipseStarter.java:380)
	at org.eclipse.core.runtime.adaptor.EclipseStarter.run(EclipseStarter.java:235)
	at sun.reflect.NativeMethodAccessorImpl.invoke0(Native Method)
	at sun.reflect.NativeMethodAccessorImpl.invoke(NativeMethodAccessorImpl.java:62)
	at sun.reflect.DelegatingMethodAccessorImpl.invoke(DelegatingMethodAccessorImpl.java:43)
	at java.lang.reflect.Method.invoke(Method.java:498)
	at org.eclipse.equinox.launcher.Main.invokeFramework(Main.java:648)
	at org.eclipse.equinox.launcher.Main.basicRun(Main.java:603)
	at org.eclipse.equinox.launcher.Main.run(Main.java:1465)
Caused by: com.cedarsoftware.util.io.JsonIoException: EOF reached prematurely
	at com.cedarsoftware.util.io.JsonParser.error(JsonParser.java:584)
	at com.cedarsoftware.util.io.JsonParser.readValue(JsonParser.java:278)
	at com.cedarsoftware.util.io.JsonReader.readObject(JsonReader.java:521)
	... 103 more
2016-08-14 00:16:42,665  WARN [ModalContext] - ScalaProject - Project spark-streaming-examples has platform default sourceLevel.
2016-08-14 00:16:42,666  WARN [ModalContext] - ScalaProject - Project spark-streaming-examples runs on platform default installation.
2016-08-14 00:16:42,945  WARN [Worker-5] - ScalaProject - Project spark-streaming-examples has platform default sourceLevel.
2016-08-14 00:16:42,945  WARN [Worker-5] - ScalaProject - Project spark-streaming-examples runs on platform default installation.
2016-08-14 00:17:10,933  WARN [Worker-6] - ScalaProject - Project spark-streaming-examples has platform default sourceLevel.
2016-08-14 00:17:10,933  WARN [Worker-6] - ScalaProject - Project spark-streaming-examples runs on platform default installation.
2016-08-14 00:18:32,377  WARN [Worker-6] - ScalaProject - Project spark-streaming-examples has platform default sourceLevel.
2016-08-14 00:18:32,377  WARN [Worker-6] - ScalaProject - Project spark-streaming-examples runs on platform default installation.
2016-08-14 00:18:32,848  WARN [Java indexing] - ScalaProject - Project spark-streaming-examples has platform default sourceLevel.
2016-08-14 00:18:32,848  WARN [Java indexing] - ScalaProject - Project spark-streaming-examples runs on platform default installation.
2016-08-14 00:18:38,868  WARN [Worker-4] - ScalaProject - Project spark-streaming-examples has platform default sourceLevel.
2016-08-14 00:18:38,868  WARN [Worker-4] - ScalaProject - Project spark-streaming-examples runs on platform default installation.
2016-08-14 00:18:39,273  WARN [Java indexing] - ScalaProject - Project spark-streaming-examples has platform default sourceLevel.
2016-08-14 00:18:39,273  WARN [Java indexing] - ScalaProject - Project spark-streaming-examples runs on platform default installation.
2016-08-14 00:19:14,111  WARN [main] - ScalaProject - Project spark-streaming-examples has platform default sourceLevel.
2016-08-14 00:19:14,111  WARN [main] - ScalaProject - Project spark-streaming-examples runs on platform default installation.
2016-08-14 00:19:22,063  WARN [org.scalaide.ui.internal.reconciliation.ScalaReconciler] - ImplicitHighlightingPresenter - Timeout while waiting for `askLoadedTyped` during semantic highlighting.
2016-08-14 00:22:05,810  WARN [org.scalaide.ui.internal.reconciliation.ScalaReconciler] - ImplicitHighlightingPresenter - Timeout while waiting for `askLoadedTyped` during semantic highlighting.
2016-08-14 00:22:47,337 ERROR [Worker-0] - System.err - SLF4J: Failed to load class "org.slf4j.impl.StaticLoggerBinder".
2016-08-14 00:22:47,337 ERROR [Worker-0] - System.err - SLF4J: Defaulting to no-operation (NOP) logger implementation
2016-08-14 00:22:47,337 ERROR [Worker-0] - System.err - SLF4J: See http://www.slf4j.org/codes.html#StaticLoggerBinder for further details.
2016-08-14 00:28:37,176  WARN [ModalContext] - ScalaProject - Project LearningScala has platform default sourceLevel.
2016-08-14 00:28:37,176  WARN [ModalContext] - ScalaProject - Project LearningScala runs on platform default installation.
2016-08-14 00:28:37,440  WARN [Worker-13] - ScalaProject - Project LearningScala has platform default sourceLevel.
2016-08-14 00:28:37,440  WARN [Worker-13] - ScalaProject - Project LearningScala runs on platform default installation.
2016-08-14 00:29:24,585  WARN [Worker-15] - ScalaProject - Project LearningScala has platform default sourceLevel.
2016-08-14 00:29:24,585  WARN [Worker-15] - ScalaProject - Project LearningScala runs on platform default installation.
2016-08-14 00:29:31,686  WARN [org.eclipse.jface.text.reconciler.MonoReconciler] - ScalaProject - Project LearningScala has platform default sourceLevel.
2016-08-14 00:29:31,686  WARN [org.eclipse.jface.text.reconciler.MonoReconciler] - ScalaProject - Project LearningScala runs on platform default installation.
2016-08-14 00:31:10,766  WARN [Worker-15] - ScalaProject - Project LearningScala has platform default sourceLevel.
2016-08-14 00:31:10,766  WARN [Worker-15] - ScalaProject - Project LearningScala runs on platform default installation.
2016-08-14 00:31:12,296  WARN [Worker-17] - ScalaProject - Project LearningScala has platform default sourceLevel.
2016-08-14 00:31:12,296  WARN [Worker-17] - ScalaProject - Project LearningScala runs on platform default installation.
2016-08-14 00:54:58,387  WARN [Worker-22] - ScalaProject - Project LearningScala has platform default sourceLevel.
2016-08-14 00:54:58,387  WARN [Worker-22] - ScalaProject - Project LearningScala runs on platform default installation.
2016-08-14 00:54:59,403  WARN [Worker-22] - ScalaProject - Project LearningScala has platform default sourceLevel.
2016-08-14 00:54:59,403  WARN [Worker-22] - ScalaProject - Project LearningScala runs on platform default installation.
2016-08-14 00:57:07,270  WARN [Worker-22] - ScalaProject - Project LearningScala has platform default sourceLevel.
2016-08-14 00:57:07,270  WARN [Worker-22] - ScalaProject - Project LearningScala runs on platform default installation.
2016-08-14 00:57:08,287  WARN [Worker-26] - ScalaProject - Project LearningScala has platform default sourceLevel.
2016-08-14 00:57:08,287  WARN [Worker-26] - ScalaProject - Project LearningScala runs on platform default installation.
2016-08-14 00:57:16,141  WARN [Worker-26] - ScalaProject - Project LearningScala has platform default sourceLevel.
2016-08-14 00:57:16,141  WARN [Worker-26] - ScalaProject - Project LearningScala runs on platform default installation.
2016-08-14 00:57:17,153  WARN [Worker-31] - ScalaProject - Project LearningScala has platform default sourceLevel.
2016-08-14 00:57:17,153  WARN [Worker-31] - ScalaProject - Project LearningScala runs on platform default installation.
2016-08-14 09:07:11,129  WARN [Worker-46] - ScalaProject - Project LearningScala has platform default sourceLevel.
2016-08-14 09:07:11,131  WARN [Worker-46] - ScalaProject - Project LearningScala runs on platform default installation.
2016-08-14 09:07:23,087  WARN [Worker-42] - ScalaProject - Project LearningScala has platform default sourceLevel.
2016-08-14 09:07:23,088  WARN [Worker-42] - ScalaProject - Project LearningScala runs on platform default installation.
2016-08-14 09:14:34,259  WARN [Worker-52] - ScalaProject - Project LearningScala has platform default sourceLevel.
2016-08-14 09:14:34,259  WARN [Worker-52] - ScalaProject - Project LearningScala runs on platform default installation.
2016-08-14 09:14:35,272  WARN [Worker-51] - ScalaProject - Project LearningScala has platform default sourceLevel.
2016-08-14 09:14:35,272  WARN [Worker-51] - ScalaProject - Project LearningScala runs on platform default installation.
2016-08-14 09:14:59,046  WARN [Worker-53] - ScalaProject - Project LearningScala has platform default sourceLevel.
2016-08-14 09:14:59,046  WARN [Worker-53] - ScalaProject - Project LearningScala runs on platform default installation.
2016-08-14 09:15:00,058  WARN [Worker-54] - ScalaProject - Project LearningScala has platform default sourceLevel.
2016-08-14 09:15:00,058  WARN [Worker-54] - ScalaProject - Project LearningScala runs on platform default installation.
2016-08-14 09:15:06,763  WARN [Worker-54] - ScalaProject - Project LearningScala has platform default sourceLevel.
2016-08-14 09:15:06,763  WARN [Worker-54] - ScalaProject - Project LearningScala runs on platform default installation.
2016-08-14 09:15:07,775  WARN [Worker-53] - ScalaProject - Project LearningScala has platform default sourceLevel.
2016-08-14 09:15:07,775  WARN [Worker-53] - ScalaProject - Project LearningScala runs on platform default installation.
2016-08-14 09:15:30,344  WARN [Worker-53] - ScalaProject - Project LearningScala has platform default sourceLevel.
2016-08-14 09:15:30,344  WARN [Worker-53] - ScalaProject - Project LearningScala runs on platform default installation.
2016-08-14 09:15:31,354  WARN [Worker-47] - ScalaProject - Project LearningScala has platform default sourceLevel.
2016-08-14 09:15:31,354  WARN [Worker-47] - ScalaProject - Project LearningScala runs on platform default installation.
2016-08-14 09:16:02,568  WARN [Worker-55] - ScalaProject - Project LearningScala has platform default sourceLevel.
2016-08-14 09:16:02,569  WARN [Worker-55] - ScalaProject - Project LearningScala runs on platform default installation.
2016-08-14 09:16:03,581  WARN [Worker-51] - ScalaProject - Project LearningScala has platform default sourceLevel.
2016-08-14 09:16:03,581  WARN [Worker-51] - ScalaProject - Project LearningScala runs on platform default installation.
2016-08-14 09:16:38,784  WARN [Worker-50] - ScalaProject - Project LearningScala has platform default sourceLevel.
2016-08-14 09:16:38,785  WARN [Worker-50] - ScalaProject - Project LearningScala runs on platform default installation.
2016-08-14 09:16:39,796  WARN [Worker-52] - ScalaProject - Project LearningScala has platform default sourceLevel.
2016-08-14 09:16:39,796  WARN [Worker-52] - ScalaProject - Project LearningScala runs on platform default installation.
2016-08-14 09:16:55,086  WARN [Worker-53] - ScalaProject - Project LearningScala has platform default sourceLevel.
2016-08-14 09:16:55,086  WARN [Worker-53] - ScalaProject - Project LearningScala runs on platform default installation.
2016-08-14 09:16:56,100  WARN [Worker-56] - ScalaProject - Project LearningScala has platform default sourceLevel.
2016-08-14 09:16:56,100  WARN [Worker-56] - ScalaProject - Project LearningScala runs on platform default installation.
2016-08-14 09:17:45,905  WARN [Worker-52] - ScalaProject - Project LearningScala has platform default sourceLevel.
2016-08-14 09:17:45,905  WARN [Worker-52] - ScalaProject - Project LearningScala runs on platform default installation.
2016-08-14 09:17:46,918  WARN [Worker-56] - ScalaProject - Project LearningScala has platform default sourceLevel.
2016-08-14 09:17:46,919  WARN [Worker-56] - ScalaProject - Project LearningScala runs on platform default installation.
2016-08-14 09:17:59,610  WARN [Worker-50] - ScalaProject - Project LearningScala has platform default sourceLevel.
2016-08-14 09:17:59,610  WARN [Worker-50] - ScalaProject - Project LearningScala runs on platform default installation.
2016-08-14 09:18:00,621  WARN [Worker-56] - ScalaProject - Project LearningScala has platform default sourceLevel.
2016-08-14 09:18:00,621  WARN [Worker-56] - ScalaProject - Project LearningScala runs on platform default installation.
2016-08-14 13:35:01,745  WARN [Worker-62] - ScalaProject - Project LearningScala has platform default sourceLevel.
2016-08-14 13:35:01,747  WARN [Worker-62] - ScalaProject - Project LearningScala runs on platform default installation.
2016-08-14 13:35:02,764  WARN [Worker-62] - ScalaProject - Project LearningScala has platform default sourceLevel.
2016-08-14 13:35:02,764  WARN [Worker-62] - ScalaProject - Project LearningScala runs on platform default installation.
2016-08-14 14:18:29,524  WARN [Worker-77] - ScalaProject - Project LearningScala has platform default sourceLevel.
2016-08-14 14:18:29,524  WARN [Worker-77] - ScalaProject - Project LearningScala runs on platform default installation.
2016-08-14 14:18:30,535  WARN [Worker-76] - ScalaProject - Project LearningScala has platform default sourceLevel.
2016-08-14 14:18:30,535  WARN [Worker-76] - ScalaProject - Project LearningScala runs on platform default installation.
2016-08-14 14:19:05,434  WARN [Worker-80] - ScalaProject - Project LearningScala has platform default sourceLevel.
2016-08-14 14:19:05,434  WARN [Worker-80] - ScalaProject - Project LearningScala runs on platform default installation.
2016-08-14 14:19:06,447  WARN [Worker-78] - ScalaProject - Project LearningScala has platform default sourceLevel.
2016-08-14 14:19:06,447  WARN [Worker-78] - ScalaProject - Project LearningScala runs on platform default installation.
2016-08-14 14:19:52,525  WARN [Worker-78] - ScalaProject - Project LearningScala has platform default sourceLevel.
2016-08-14 14:19:52,526  WARN [Worker-78] - ScalaProject - Project LearningScala runs on platform default installation.
2016-08-14 14:19:53,537  WARN [Worker-73] - ScalaProject - Project LearningScala has platform default sourceLevel.
2016-08-14 14:19:53,537  WARN [Worker-73] - ScalaProject - Project LearningScala runs on platform default installation.
2016-08-14 14:20:10,765  WARN [Worker-80] - ScalaProject - Project LearningScala has platform default sourceLevel.
2016-08-14 14:20:10,765  WARN [Worker-80] - ScalaProject - Project LearningScala runs on platform default installation.
2016-08-14 14:20:11,774  WARN [Worker-78] - ScalaProject - Project LearningScala has platform default sourceLevel.
2016-08-14 14:20:11,774  WARN [Worker-78] - ScalaProject - Project LearningScala runs on platform default installation.
2016-08-14 14:20:23,223  WARN [Worker-79] - ScalaProject - Project LearningScala has platform default sourceLevel.
2016-08-14 14:20:23,223  WARN [Worker-79] - ScalaProject - Project LearningScala runs on platform default installation.
2016-08-14 14:20:24,234  WARN [Worker-73] - ScalaProject - Project LearningScala has platform default sourceLevel.
2016-08-14 14:20:24,234  WARN [Worker-73] - ScalaProject - Project LearningScala runs on platform default installation.
2016-08-14 14:21:08,603  WARN [Worker-80] - ScalaProject - Project LearningScala has platform default sourceLevel.
2016-08-14 14:21:08,603  WARN [Worker-80] - ScalaProject - Project LearningScala runs on platform default installation.
2016-08-14 14:21:09,615  WARN [Worker-79] - ScalaProject - Project LearningScala has platform default sourceLevel.
2016-08-14 14:21:09,615  WARN [Worker-79] - ScalaProject - Project LearningScala runs on platform default installation.
2016-08-14 14:21:14,103  WARN [Worker-78] - ScalaProject - Project LearningScala has platform default sourceLevel.
2016-08-14 14:21:14,103  WARN [Worker-78] - ScalaProject - Project LearningScala runs on platform default installation.
2016-08-14 14:21:15,162  WARN [Worker-80] - ScalaProject - Project LearningScala has platform default sourceLevel.
2016-08-14 14:21:15,162  WARN [Worker-80] - ScalaProject - Project LearningScala runs on platform default installation.
2016-08-14 14:23:04,224  WARN [Worker-78] - ScalaProject - Project LearningScala has platform default sourceLevel.
2016-08-14 14:23:04,224  WARN [Worker-78] - ScalaProject - Project LearningScala runs on platform default installation.
2016-08-14 14:23:05,233  WARN [Worker-82] - ScalaProject - Project LearningScala has platform default sourceLevel.
2016-08-14 14:23:05,233  WARN [Worker-82] - ScalaProject - Project LearningScala runs on platform default installation.
2016-08-14 14:25:00,467  WARN [Worker-82] - ScalaProject - Project LearningScala has platform default sourceLevel.
2016-08-14 14:25:00,467  WARN [Worker-82] - ScalaProject - Project LearningScala runs on platform default installation.
2016-08-14 14:25:01,481  WARN [Worker-82] - ScalaProject - Project LearningScala has platform default sourceLevel.
2016-08-14 14:25:01,481  WARN [Worker-82] - ScalaProject - Project LearningScala runs on platform default installation.
